<?xml version="1.0" encoding="utf-8"?><testsuites><testsuite name="pytest" errors="0" failures="0" skipped="0" tests="7" time="0.450" timestamp="2023-08-03T14:31:56.768860" hostname="fv-az563-119"><testcase classname="tests.cdumay_result.test_base.TestResult" name="test_add" time="0.002" /><testcase classname="tests.cdumay_result.test_base.TestResult" name="test_exception_serialization" time="0.002" /><testcase classname="tests.cdumay_result.test_base.TestResult" name="test_init" time="0.001" /><testcase classname="tests.cdumay_result.test_base.TestResult" name="test_prints" time="0.001" /><testcase classname="tests.cdumay_result.test_base.TestResult" name="test_search" time="0.250" /><testcase classname="tests.cdumay_result.test_base.TestResult" name="test_serialization" time="0.001" /><testcase classname="tests.cdumay_result.test_base.TestResult" name="test_stringify" time="0.001" /></testsuite></testsuites>